<?xml version="1.0" encoding="UTF-8"?>
<!-- Generated by org.testng.reporters.JUnitReportReporter -->
<testsuite hostname="DESKTOP-DVMTKTT" failures="0" tests="6" name="trello.Priority" time="0.059" errors="0" timestamp="2023-06-21T18:02:11 IST" skipped="0">
  <testcase classname="trello.Priority" name="fi" time="0.038"/>
  <system-out/>
  <testcase classname="trello.Priority" name="ae" time="0.004"/>
  <system-out/>
  <testcase classname="trello.Priority" name="chech" time="0.004"/>
  <system-out/>
  <testcase classname="trello.Priority" name="b" time="0.005"/>
  <system-out/>
  <testcase classname="trello.Priority" name="a" time="0.003"/>
  <system-out/>
  <testcase classname="trello.Priority" name="de" time="0.005"/>
  <system-out/>
</testsuite> <!-- trello.Priority -->
