<?xml version="1.0" encoding="UTF-8"?>
<!-- Generated by org.testng.reporters.JUnitReportReporter -->
<testsuite hostname="DESKTOP-DVMTKTT" failures="0" tests="2" name="trello.EndToEndTrello" time="59.731" errors="0" timestamp="2023-06-21T18:52:43 IST" skipped="0">
  <testcase classname="trello.EndToEndTrello" name="openfacebook" time="12.246"/>
  <system-out/>
  <testcase classname="trello.EndToEndTrello" name="trelloEndToEnd" time="47.485"/>
  <system-out/>
</testsuite> <!-- trello.EndToEndTrello -->
